<?xml version="1.0" encoding="UTF-8"?>
<!-- Generated by org.testng.reporters.JUnitXMLReporter -->
<testsuite ignored="0" hostname="DESKTOP-CA70CMH" failures="0" tests="4" name="EdgeTest" time="11.503" errors="0" timestamp="2024-10-17T16:59:41 IST">
  <testcase classname="test.ValidateCartAndBuy" name="@BeforeTest openBrowser" time="11.451">
    <failure type="java.lang.NullPointerException" message="Cannot invoke &amp;quot;org.openqa.selenium.WebDriver.manage()&amp;quot; because &amp;quot;driver&amp;quot; is null">
      <![CDATA[java.lang.NullPointerException: Cannot invoke "org.openqa.selenium.WebDriver.manage()" because "driver" is null
at base.Browser.launchBrowser(Browser.java:47)
at test.ValidateCartAndBuy.openBrowser(ValidateCartAndBuy.java:47)
... Removed 24 stack frames]]>
    </failure>
  </testcase> <!-- @BeforeTest openBrowser -->
  <testcase classname="test.VerifySigninPage" name="@BeforeTest openBrowser" time="-1.729164581331E9">
    <skipped/>
  </testcase> <!-- @BeforeTest openBrowser -->
  <testcase classname="test.VerifySigninPage" name="@BeforeClass pomClasses" time="-1.729164581334E9">
    <skipped/>
  </testcase> <!-- @BeforeClass pomClasses -->
  <testcase classname="test.VerifySigninPage" name="@BeforeMethod loginToAmazon" time="-1.729164581337E9">
    <skipped/>
  </testcase> <!-- @BeforeMethod loginToAmazon -->
  <testcase classname="test.VerifySigninPage" name="@AfterMethod logoutFromAmazon" time="-1.729164581346E9">
    <skipped/>
  </testcase> <!-- @AfterMethod logoutFromAmazon -->
  <testcase classname="test.VerifySigninPage" name="@BeforeMethod loginToAmazon" time="-1.729164581348E9">
    <skipped/>
  </testcase> <!-- @BeforeMethod loginToAmazon -->
  <testcase classname="test.VerifySigninPage" name="@AfterMethod logoutFromAmazon" time="-1.729164581353E9">
    <skipped/>
  </testcase> <!-- @AfterMethod logoutFromAmazon -->
  <testcase classname="test.VerifySigninPage" name="@AfterClass removePom" time="-1.729164581354E9">
    <skipped/>
  </testcase> <!-- @AfterClass removePom -->
  <testcase classname="test.ValidateCartAndBuy" name="@BeforeClass pomClasses" time="-1.729164581357E9">
    <skipped/>
  </testcase> <!-- @BeforeClass pomClasses -->
  <testcase classname="test.ValidateCartAndBuy" name="@BeforeMethod loginToAmazon" time="-1.729164581359E9">
    <skipped/>
  </testcase> <!-- @BeforeMethod loginToAmazon -->
  <testcase classname="test.ValidateCartAndBuy" name="@AfterMethod logoutFromAmazon" time="-1.729164581365E9">
    <skipped/>
  </testcase> <!-- @AfterMethod logoutFromAmazon -->
  <testcase classname="test.ValidateCartAndBuy" name="@BeforeMethod loginToAmazon" time="-1.729164581367E9">
    <skipped/>
  </testcase> <!-- @BeforeMethod loginToAmazon -->
  <testcase classname="test.ValidateCartAndBuy" name="@AfterMethod logoutFromAmazon" time="-1.72916458137E9">
    <skipped/>
  </testcase> <!-- @AfterMethod logoutFromAmazon -->
  <testcase classname="test.ValidateCartAndBuy" name="@AfterClass removePom" time="-1.729164581372E9">
    <skipped/>
  </testcase> <!-- @AfterClass removePom -->
  <testcase classname="test.ValidateCartAndBuy" name="@AfterTest closeBrowser" time="-1.729164581374E9">
    <skipped/>
  </testcase> <!-- @AfterTest closeBrowser -->
  <testcase classname="test.VerifySigninPage" name="@AfterTest closeBrowser" time="-1.729164581377E9">
    <skipped/>
  </testcase> <!-- @AfterTest closeBrowser -->
  <testcase classname="test.VerifySigninPage" name="verifyLogin" time="0.0">
    <skipped/>
  </testcase> <!-- verifyLogin -->
  <testcase classname="test.VerifySigninPage" name="verifyYourAccount" time="0.0">
    <skipped/>
  </testcase> <!-- verifyYourAccount -->
  <testcase classname="test.ValidateCartAndBuy" name="verifyAddToCart" time="0.0">
    <skipped/>
  </testcase> <!-- verifyAddToCart -->
  <testcase classname="test.ValidateCartAndBuy" name="verifyBuyProduct" time="0.0">
    <skipped/>
  </testcase> <!-- verifyBuyProduct -->
</testsuite> <!-- EdgeTest -->
