<?xml version="1.0" encoding="UTF-8"?>
<!-- Generated by org.testng.reporters.JUnitXMLReporter -->
<testsuite ignored="0" hostname="DESKTOP-CA70CMH" failures="0" tests="3" name="FirefoxTest" time="14.815" errors="0" timestamp="2024-10-17T16:59:29 IST">
  <testcase classname="test.TestClassUsingTestNG" name="@BeforeTest openBrowser" time="14.709">
    <failure type="java.lang.NullPointerException" message="Cannot invoke &amp;quot;org.openqa.selenium.WebDriver.manage()&amp;quot; because &amp;quot;driver&amp;quot; is null">
      <![CDATA[java.lang.NullPointerException: Cannot invoke "org.openqa.selenium.WebDriver.manage()" because "driver" is null
at base.Browser.launchBrowser(Browser.java:47)
at test.TestClassUsingTestNG.openBrowser(TestClassUsingTestNG.java:55)
... Removed 24 stack frames]]>
    </failure>
  </testcase> <!-- @BeforeTest openBrowser -->
  <testcase classname="test.VerifySigninPage" name="@BeforeTest openBrowser" time="-1.729164569751E9">
    <skipped/>
  </testcase> <!-- @BeforeTest openBrowser -->
  <testcase classname="test.VerifySigninPage" name="@BeforeClass pomClasses" time="-1.729164569755E9">
    <skipped/>
  </testcase> <!-- @BeforeClass pomClasses -->
  <testcase classname="test.VerifySigninPage" name="@BeforeMethod loginToAmazon" time="-1.729164569762E9">
    <skipped/>
  </testcase> <!-- @BeforeMethod loginToAmazon -->
  <testcase classname="test.VerifySigninPage" name="@AfterMethod logoutFromAmazon" time="-1.729164569768E9">
    <skipped/>
  </testcase> <!-- @AfterMethod logoutFromAmazon -->
  <testcase classname="test.VerifySigninPage" name="@BeforeMethod loginToAmazon" time="-1.729164569771E9">
    <skipped/>
  </testcase> <!-- @BeforeMethod loginToAmazon -->
  <testcase classname="test.VerifySigninPage" name="@AfterMethod logoutFromAmazon" time="-1.729164569776E9">
    <skipped/>
  </testcase> <!-- @AfterMethod logoutFromAmazon -->
  <testcase classname="test.VerifySigninPage" name="@AfterClass removePom" time="-1.729164569779E9">
    <skipped/>
  </testcase> <!-- @AfterClass removePom -->
  <testcase classname="test.TestClassUsingTestNG" name="@BeforeClass pomClasses" time="-1.729164569781E9">
    <skipped/>
  </testcase> <!-- @BeforeClass pomClasses -->
  <testcase classname="test.TestClassUsingTestNG" name="@BeforeMethod loginToAmazon" time="-1.729164569814E9">
    <skipped/>
  </testcase> <!-- @BeforeMethod loginToAmazon -->
  <testcase classname="test.TestClassUsingTestNG" name="@AfterMethod logoutFromAmazon" time="-1.729164569822E9">
    <skipped/>
  </testcase> <!-- @AfterMethod logoutFromAmazon -->
  <testcase classname="test.TestClassUsingTestNG" name="@AfterClass removePom" time="-1.729164569826E9">
    <skipped/>
  </testcase> <!-- @AfterClass removePom -->
  <testcase classname="test.TestClassUsingTestNG" name="@AfterTest closeBrowser" time="-1.729164569831E9">
    <skipped/>
  </testcase> <!-- @AfterTest closeBrowser -->
  <testcase classname="test.VerifySigninPage" name="@AfterTest closeBrowser" time="-1.729164569834E9">
    <skipped/>
  </testcase> <!-- @AfterTest closeBrowser -->
  <testcase classname="test.VerifySigninPage" name="verifyLogin" time="0.0">
    <skipped/>
  </testcase> <!-- verifyLogin -->
  <testcase classname="test.VerifySigninPage" name="verifyYourAccount" time="0.0">
    <skipped/>
  </testcase> <!-- verifyYourAccount -->
  <testcase classname="test.TestClassUsingTestNG" name="verifyAddToCart" time="0.0">
    <skipped/>
  </testcase> <!-- verifyAddToCart -->
</testsuite> <!-- FirefoxTest -->
