<?xml version="1.0" encoding="UTF-8"?>
<testng-results ignored="0" total="10" passed="0" failed="0" skipped="10">
  <reporter-output>
  </reporter-output>
  <suite started-at="2024-10-17T16:59:08 IST" name="RegressionSuite" finished-at="2024-10-17T16:59:41 IST" duration-ms="32668">
    <groups>
    </groups>
    <test started-at="2024-10-17T16:59:08 IST" name="ChromeTest" finished-at="2024-10-17T16:59:14 IST" duration-ms="6022">
      <class name="test.VerifySigninPage">
        <test-method is-config="true" signature="openBrowser(java.lang.String)[pri:0, instance:test.VerifySigninPage@6c1a5b54]" started-at="2024-10-17T16:59:14 IST" name="openBrowser" finished-at="1970-01-01T05:30:00 IST" duration-ms="-1729164554548" status="SKIP">
          <reporter-output>
          </reporter-output>
        </test-method> <!-- openBrowser -->
        <test-method is-config="true" signature="pomClasses()[pri:0, instance:test.VerifySigninPage@6c1a5b54]" started-at="2024-10-17T16:59:14 IST" name="pomClasses" finished-at="1970-01-01T05:30:00 IST" duration-ms="-1729164554594" status="SKIP">
          <reporter-output>
          </reporter-output>
        </test-method> <!-- pomClasses -->
        <test-method is-config="true" signature="loginToAmazon()[pri:0, instance:test.VerifySigninPage@6c1a5b54]" started-at="2024-10-17T16:59:14 IST" name="loginToAmazon" finished-at="1970-01-01T05:30:00 IST" duration-ms="-1729164554627" status="SKIP">
          <reporter-output>
          </reporter-output>
        </test-method> <!-- loginToAmazon -->
        <test-method signature="verifyLogin()[pri:0, instance:test.VerifySigninPage@6c1a5b54]" started-at="2024-10-17T16:59:14 IST" name="verifyLogin" finished-at="2024-10-17T16:59:14 IST" duration-ms="0" status="SKIP">
          <exception class="java.lang.NullPointerException">
            <message>
              <![CDATA[Cannot invoke "org.openqa.selenium.WebDriver.manage()" because "driver" is null]]>
            </message>
            <full-stacktrace>
              <![CDATA[java.lang.NullPointerException: Cannot invoke "org.openqa.selenium.WebDriver.manage()" because "driver" is null
at base.Browser.launchBrowser(Browser.java:47)
at test.TestClassUsingTestNG.openBrowser(TestClassUsingTestNG.java:55)
at java.base/jdk.internal.reflect.NativeMethodAccessorImpl.invoke0(Native Method)
at java.base/jdk.internal.reflect.NativeMethodAccessorImpl.invoke(NativeMethodAccessorImpl.java:77)
at java.base/jdk.internal.reflect.DelegatingMethodAccessorImpl.invoke(DelegatingMethodAccessorImpl.java:43)
at java.base/java.lang.reflect.Method.invoke(Method.java:568)
at org.testng.internal.MethodInvocationHelper.invokeMethod(MethodInvocationHelper.java:133)
at org.testng.internal.MethodInvocationHelper.invokeMethodConsideringTimeout(MethodInvocationHelper.java:62)
at org.testng.internal.ConfigInvoker.invokeConfigurationMethod(ConfigInvoker.java:385)
at org.testng.internal.ConfigInvoker.invokeConfigurations(ConfigInvoker.java:321)
at org.testng.TestRunner.invokeTestConfigurations(TestRunner.java:637)
at org.testng.TestRunner.beforeRun(TestRunner.java:627)
at org.testng.TestRunner.run(TestRunner.java:589)
at org.testng.SuiteRunner.runTest(SuiteRunner.java:377)
at org.testng.SuiteRunner.runSequentially(SuiteRunner.java:371)
at org.testng.SuiteRunner.privateRun(SuiteRunner.java:332)
at org.testng.SuiteRunner.run(SuiteRunner.java:276)
at org.testng.SuiteRunnerWorker.runSuite(SuiteRunnerWorker.java:53)
at org.testng.SuiteRunnerWorker.run(SuiteRunnerWorker.java:96)
at org.testng.TestNG.runSuitesSequentially(TestNG.java:1212)
at org.testng.TestNG.runSuitesLocally(TestNG.java:1134)
at org.testng.TestNG.runSuites(TestNG.java:1063)
at org.testng.TestNG.run(TestNG.java:1031)
at org.testng.remote.AbstractRemoteTestNG.run(AbstractRemoteTestNG.java:115)
at org.testng.remote.RemoteTestNG.initAndRun(RemoteTestNG.java:293)
at org.testng.remote.RemoteTestNG.main(RemoteTestNG.java:91)
]]>
            </full-stacktrace>
          </exception> <!-- java.lang.NullPointerException -->
          <reporter-output>
          </reporter-output>
        </test-method> <!-- verifyLogin -->
        <test-method is-config="true" signature="logoutFromAmazon()[pri:0, instance:test.VerifySigninPage@6c1a5b54]" started-at="2024-10-17T16:59:14 IST" name="logoutFromAmazon" finished-at="1970-01-01T05:30:00 IST" duration-ms="-1729164554651" status="SKIP">
          <reporter-output>
          </reporter-output>
        </test-method> <!-- logoutFromAmazon -->
        <test-method is-config="true" signature="loginToAmazon()[pri:0, instance:test.VerifySigninPage@6c1a5b54]" started-at="2024-10-17T16:59:14 IST" name="loginToAmazon" finished-at="1970-01-01T05:30:00 IST" duration-ms="-1729164554667" status="SKIP">
          <reporter-output>
          </reporter-output>
        </test-method> <!-- loginToAmazon -->
        <test-method signature="verifyYourAccount()[pri:0, instance:test.VerifySigninPage@6c1a5b54]" started-at="2024-10-17T16:59:14 IST" name="verifyYourAccount" finished-at="2024-10-17T16:59:14 IST" duration-ms="0" status="SKIP">
          <exception class="java.lang.NullPointerException">
            <message>
              <![CDATA[Cannot invoke "org.openqa.selenium.WebDriver.manage()" because "driver" is null]]>
            </message>
            <full-stacktrace>
              <![CDATA[java.lang.NullPointerException: Cannot invoke "org.openqa.selenium.WebDriver.manage()" because "driver" is null
at base.Browser.launchBrowser(Browser.java:47)
at test.TestClassUsingTestNG.openBrowser(TestClassUsingTestNG.java:55)
at java.base/jdk.internal.reflect.NativeMethodAccessorImpl.invoke0(Native Method)
at java.base/jdk.internal.reflect.NativeMethodAccessorImpl.invoke(NativeMethodAccessorImpl.java:77)
at java.base/jdk.internal.reflect.DelegatingMethodAccessorImpl.invoke(DelegatingMethodAccessorImpl.java:43)
at java.base/java.lang.reflect.Method.invoke(Method.java:568)
at org.testng.internal.MethodInvocationHelper.invokeMethod(MethodInvocationHelper.java:133)
at org.testng.internal.MethodInvocationHelper.invokeMethodConsideringTimeout(MethodInvocationHelper.java:62)
at org.testng.internal.ConfigInvoker.invokeConfigurationMethod(ConfigInvoker.java:385)
at org.testng.internal.ConfigInvoker.invokeConfigurations(ConfigInvoker.java:321)
at org.testng.TestRunner.invokeTestConfigurations(TestRunner.java:637)
at org.testng.TestRunner.beforeRun(TestRunner.java:627)
at org.testng.TestRunner.run(TestRunner.java:589)
at org.testng.SuiteRunner.runTest(SuiteRunner.java:377)
at org.testng.SuiteRunner.runSequentially(SuiteRunner.java:371)
at org.testng.SuiteRunner.privateRun(SuiteRunner.java:332)
at org.testng.SuiteRunner.run(SuiteRunner.java:276)
at org.testng.SuiteRunnerWorker.runSuite(SuiteRunnerWorker.java:53)
at org.testng.SuiteRunnerWorker.run(SuiteRunnerWorker.java:96)
at org.testng.TestNG.runSuitesSequentially(TestNG.java:1212)
at org.testng.TestNG.runSuitesLocally(TestNG.java:1134)
at org.testng.TestNG.runSuites(TestNG.java:1063)
at org.testng.TestNG.run(TestNG.java:1031)
at org.testng.remote.AbstractRemoteTestNG.run(AbstractRemoteTestNG.java:115)
at org.testng.remote.RemoteTestNG.initAndRun(RemoteTestNG.java:293)
at org.testng.remote.RemoteTestNG.main(RemoteTestNG.java:91)
]]>
            </full-stacktrace>
          </exception> <!-- java.lang.NullPointerException -->
          <reporter-output>
          </reporter-output>
        </test-method> <!-- verifyYourAccount -->
        <test-method is-config="true" signature="logoutFromAmazon()[pri:0, instance:test.VerifySigninPage@6c1a5b54]" started-at="2024-10-17T16:59:14 IST" name="logoutFromAmazon" finished-at="1970-01-01T05:30:00 IST" duration-ms="-1729164554683" status="SKIP">
          <reporter-output>
          </reporter-output>
        </test-method> <!-- logoutFromAmazon -->
        <test-method is-config="true" signature="removePom()[pri:0, instance:test.VerifySigninPage@6c1a5b54]" started-at="2024-10-17T16:59:14 IST" name="removePom" finished-at="1970-01-01T05:30:00 IST" duration-ms="-1729164554688" status="SKIP">
          <reporter-output>
          </reporter-output>
        </test-method> <!-- removePom -->
        <test-method is-config="true" signature="closeBrowser()[pri:0, instance:test.VerifySigninPage@6c1a5b54]" started-at="2024-10-17T16:59:14 IST" name="closeBrowser" finished-at="1970-01-01T05:30:00 IST" duration-ms="-1729164554729" status="SKIP">
          <reporter-output>
          </reporter-output>
        </test-method> <!-- closeBrowser -->
      </class> <!-- test.VerifySigninPage -->
      <class name="test.TestClassUsingTestNG">
        <test-method is-config="true" signature="openBrowser(java.lang.String)[pri:0, instance:test.TestClassUsingTestNG@71ba6d4e]" started-at="2024-10-17T16:59:08 IST" name="openBrowser" finished-at="2024-10-17T16:59:14 IST" duration-ms="5799" status="FAIL">
          <params>
            <param index="0">
              <value>
                <![CDATA[Chrome]]>
              </value>
            </param>
          </params>
          <exception class="java.lang.NullPointerException">
            <message>
              <![CDATA[Cannot invoke "org.openqa.selenium.WebDriver.manage()" because "driver" is null]]>
            </message>
            <full-stacktrace>
              <![CDATA[java.lang.NullPointerException: Cannot invoke "org.openqa.selenium.WebDriver.manage()" because "driver" is null
at base.Browser.launchBrowser(Browser.java:47)
at test.TestClassUsingTestNG.openBrowser(TestClassUsingTestNG.java:55)
at java.base/jdk.internal.reflect.NativeMethodAccessorImpl.invoke0(Native Method)
at java.base/jdk.internal.reflect.NativeMethodAccessorImpl.invoke(NativeMethodAccessorImpl.java:77)
at java.base/jdk.internal.reflect.DelegatingMethodAccessorImpl.invoke(DelegatingMethodAccessorImpl.java:43)
at java.base/java.lang.reflect.Method.invoke(Method.java:568)
at org.testng.internal.MethodInvocationHelper.invokeMethod(MethodInvocationHelper.java:133)
at org.testng.internal.MethodInvocationHelper.invokeMethodConsideringTimeout(MethodInvocationHelper.java:62)
at org.testng.internal.ConfigInvoker.invokeConfigurationMethod(ConfigInvoker.java:385)
at org.testng.internal.ConfigInvoker.invokeConfigurations(ConfigInvoker.java:321)
at org.testng.TestRunner.invokeTestConfigurations(TestRunner.java:637)
at org.testng.TestRunner.beforeRun(TestRunner.java:627)
at org.testng.TestRunner.run(TestRunner.java:589)
at org.testng.SuiteRunner.runTest(SuiteRunner.java:377)
at org.testng.SuiteRunner.runSequentially(SuiteRunner.java:371)
at org.testng.SuiteRunner.privateRun(SuiteRunner.java:332)
at org.testng.SuiteRunner.run(SuiteRunner.java:276)
at org.testng.SuiteRunnerWorker.runSuite(SuiteRunnerWorker.java:53)
at org.testng.SuiteRunnerWorker.run(SuiteRunnerWorker.java:96)
at org.testng.TestNG.runSuitesSequentially(TestNG.java:1212)
at org.testng.TestNG.runSuitesLocally(TestNG.java:1134)
at org.testng.TestNG.runSuites(TestNG.java:1063)
at org.testng.TestNG.run(TestNG.java:1031)
at org.testng.remote.AbstractRemoteTestNG.run(AbstractRemoteTestNG.java:115)
at org.testng.remote.RemoteTestNG.initAndRun(RemoteTestNG.java:293)
at org.testng.remote.RemoteTestNG.main(RemoteTestNG.java:91)
]]>
            </full-stacktrace>
          </exception> <!-- java.lang.NullPointerException -->
          <reporter-output>
          </reporter-output>
        </test-method> <!-- openBrowser -->
        <test-method is-config="true" signature="pomClasses()[pri:0, instance:test.TestClassUsingTestNG@71ba6d4e]" started-at="2024-10-17T16:59:14 IST" name="pomClasses" finished-at="1970-01-01T05:30:00 IST" duration-ms="-1729164554704" status="SKIP">
          <reporter-output>
          </reporter-output>
        </test-method> <!-- pomClasses -->
        <test-method is-config="true" signature="loginToAmazon()[pri:0, instance:test.TestClassUsingTestNG@71ba6d4e]" started-at="2024-10-17T16:59:14 IST" name="loginToAmazon" finished-at="1970-01-01T05:30:00 IST" duration-ms="-1729164554711" status="SKIP">
          <reporter-output>
          </reporter-output>
        </test-method> <!-- loginToAmazon -->
        <test-method signature="verifyAddToCart()[pri:0, instance:test.TestClassUsingTestNG@71ba6d4e]" started-at="2024-10-17T16:59:14 IST" name="verifyAddToCart" finished-at="2024-10-17T16:59:14 IST" duration-ms="0" status="SKIP">
          <exception class="java.lang.NullPointerException">
            <message>
              <![CDATA[Cannot invoke "org.openqa.selenium.WebDriver.manage()" because "driver" is null]]>
            </message>
            <full-stacktrace>
              <![CDATA[java.lang.NullPointerException: Cannot invoke "org.openqa.selenium.WebDriver.manage()" because "driver" is null
at base.Browser.launchBrowser(Browser.java:47)
at test.TestClassUsingTestNG.openBrowser(TestClassUsingTestNG.java:55)
at java.base/jdk.internal.reflect.NativeMethodAccessorImpl.invoke0(Native Method)
at java.base/jdk.internal.reflect.NativeMethodAccessorImpl.invoke(NativeMethodAccessorImpl.java:77)
at java.base/jdk.internal.reflect.DelegatingMethodAccessorImpl.invoke(DelegatingMethodAccessorImpl.java:43)
at java.base/java.lang.reflect.Method.invoke(Method.java:568)
at org.testng.internal.MethodInvocationHelper.invokeMethod(MethodInvocationHelper.java:133)
at org.testng.internal.MethodInvocationHelper.invokeMethodConsideringTimeout(MethodInvocationHelper.java:62)
at org.testng.internal.ConfigInvoker.invokeConfigurationMethod(ConfigInvoker.java:385)
at org.testng.internal.ConfigInvoker.invokeConfigurations(ConfigInvoker.java:321)
at org.testng.TestRunner.invokeTestConfigurations(TestRunner.java:637)
at org.testng.TestRunner.beforeRun(TestRunner.java:627)
at org.testng.TestRunner.run(TestRunner.java:589)
at org.testng.SuiteRunner.runTest(SuiteRunner.java:377)
at org.testng.SuiteRunner.runSequentially(SuiteRunner.java:371)
at org.testng.SuiteRunner.privateRun(SuiteRunner.java:332)
at org.testng.SuiteRunner.run(SuiteRunner.java:276)
at org.testng.SuiteRunnerWorker.runSuite(SuiteRunnerWorker.java:53)
at org.testng.SuiteRunnerWorker.run(SuiteRunnerWorker.java:96)
at org.testng.TestNG.runSuitesSequentially(TestNG.java:1212)
at org.testng.TestNG.runSuitesLocally(TestNG.java:1134)
at org.testng.TestNG.runSuites(TestNG.java:1063)
at org.testng.TestNG.run(TestNG.java:1031)
at org.testng.remote.AbstractRemoteTestNG.run(AbstractRemoteTestNG.java:115)
at org.testng.remote.RemoteTestNG.initAndRun(RemoteTestNG.java:293)
at org.testng.remote.RemoteTestNG.main(RemoteTestNG.java:91)
]]>
            </full-stacktrace>
          </exception> <!-- java.lang.NullPointerException -->
          <reporter-output>
          </reporter-output>
        </test-method> <!-- verifyAddToCart -->
        <test-method is-config="true" signature="logoutFromAmazon()[pri:0, instance:test.TestClassUsingTestNG@71ba6d4e]" started-at="2024-10-17T16:59:14 IST" name="logoutFromAmazon" finished-at="1970-01-01T05:30:00 IST" duration-ms="-1729164554724" status="SKIP">
          <reporter-output>
          </reporter-output>
        </test-method> <!-- logoutFromAmazon -->
        <test-method is-config="true" signature="removePom()[pri:0, instance:test.TestClassUsingTestNG@71ba6d4e]" started-at="2024-10-17T16:59:14 IST" name="removePom" finished-at="1970-01-01T05:30:00 IST" duration-ms="-1729164554727" status="SKIP">
          <reporter-output>
          </reporter-output>
        </test-method> <!-- removePom -->
        <test-method is-config="true" signature="closeBrowser()[pri:0, instance:test.TestClassUsingTestNG@71ba6d4e]" started-at="2024-10-17T16:59:14 IST" name="closeBrowser" finished-at="1970-01-01T05:30:00 IST" duration-ms="-1729164554728" status="SKIP">
          <reporter-output>
          </reporter-output>
        </test-method> <!-- closeBrowser -->
      </class> <!-- test.TestClassUsingTestNG -->
    </test> <!-- ChromeTest -->
    <test started-at="2024-10-17T16:59:15 IST" name="FirefoxTest" finished-at="2024-10-17T16:59:29 IST" duration-ms="14815">
      <class name="test.VerifySigninPage">
        <test-method is-config="true" signature="openBrowser(java.lang.String)[pri:0, instance:test.VerifySigninPage@6bbe85a8]" started-at="2024-10-17T16:59:29 IST" name="openBrowser" finished-at="1970-01-01T05:30:00 IST" duration-ms="-1729164569751" status="SKIP">
          <reporter-output>
          </reporter-output>
        </test-method> <!-- openBrowser -->
        <test-method is-config="true" signature="pomClasses()[pri:0, instance:test.VerifySigninPage@6bbe85a8]" started-at="2024-10-17T16:59:29 IST" name="pomClasses" finished-at="1970-01-01T05:30:00 IST" duration-ms="-1729164569755" status="SKIP">
          <reporter-output>
          </reporter-output>
        </test-method> <!-- pomClasses -->
        <test-method is-config="true" signature="loginToAmazon()[pri:0, instance:test.VerifySigninPage@6bbe85a8]" started-at="2024-10-17T16:59:29 IST" name="loginToAmazon" finished-at="1970-01-01T05:30:00 IST" duration-ms="-1729164569762" status="SKIP">
          <reporter-output>
          </reporter-output>
        </test-method> <!-- loginToAmazon -->
        <test-method signature="verifyLogin()[pri:0, instance:test.VerifySigninPage@6bbe85a8]" started-at="2024-10-17T16:59:29 IST" name="verifyLogin" finished-at="2024-10-17T16:59:29 IST" duration-ms="0" status="SKIP">
          <exception class="java.lang.NullPointerException">
            <message>
              <![CDATA[Cannot invoke "org.openqa.selenium.WebDriver.manage()" because "driver" is null]]>
            </message>
            <full-stacktrace>
              <![CDATA[java.lang.NullPointerException: Cannot invoke "org.openqa.selenium.WebDriver.manage()" because "driver" is null
at base.Browser.launchBrowser(Browser.java:47)
at test.TestClassUsingTestNG.openBrowser(TestClassUsingTestNG.java:55)
at java.base/jdk.internal.reflect.NativeMethodAccessorImpl.invoke0(Native Method)
at java.base/jdk.internal.reflect.NativeMethodAccessorImpl.invoke(NativeMethodAccessorImpl.java:77)
at java.base/jdk.internal.reflect.DelegatingMethodAccessorImpl.invoke(DelegatingMethodAccessorImpl.java:43)
at java.base/java.lang.reflect.Method.invoke(Method.java:568)
at org.testng.internal.MethodInvocationHelper.invokeMethod(MethodInvocationHelper.java:133)
at org.testng.internal.MethodInvocationHelper.invokeMethodConsideringTimeout(MethodInvocationHelper.java:62)
at org.testng.internal.ConfigInvoker.invokeConfigurationMethod(ConfigInvoker.java:385)
at org.testng.internal.ConfigInvoker.invokeConfigurations(ConfigInvoker.java:321)
at org.testng.TestRunner.invokeTestConfigurations(TestRunner.java:637)
at org.testng.TestRunner.beforeRun(TestRunner.java:627)
at org.testng.TestRunner.run(TestRunner.java:589)
at org.testng.SuiteRunner.runTest(SuiteRunner.java:377)
at org.testng.SuiteRunner.runSequentially(SuiteRunner.java:371)
at org.testng.SuiteRunner.privateRun(SuiteRunner.java:332)
at org.testng.SuiteRunner.run(SuiteRunner.java:276)
at org.testng.SuiteRunnerWorker.runSuite(SuiteRunnerWorker.java:53)
at org.testng.SuiteRunnerWorker.run(SuiteRunnerWorker.java:96)
at org.testng.TestNG.runSuitesSequentially(TestNG.java:1212)
at org.testng.TestNG.runSuitesLocally(TestNG.java:1134)
at org.testng.TestNG.runSuites(TestNG.java:1063)
at org.testng.TestNG.run(TestNG.java:1031)
at org.testng.remote.AbstractRemoteTestNG.run(AbstractRemoteTestNG.java:115)
at org.testng.remote.RemoteTestNG.initAndRun(RemoteTestNG.java:293)
at org.testng.remote.RemoteTestNG.main(RemoteTestNG.java:91)
]]>
            </full-stacktrace>
          </exception> <!-- java.lang.NullPointerException -->
          <reporter-output>
          </reporter-output>
        </test-method> <!-- verifyLogin -->
        <test-method is-config="true" signature="logoutFromAmazon()[pri:0, instance:test.VerifySigninPage@6bbe85a8]" started-at="2024-10-17T16:59:29 IST" name="logoutFromAmazon" finished-at="1970-01-01T05:30:00 IST" duration-ms="-1729164569768" status="SKIP">
          <reporter-output>
          </reporter-output>
        </test-method> <!-- logoutFromAmazon -->
        <test-method is-config="true" signature="loginToAmazon()[pri:0, instance:test.VerifySigninPage@6bbe85a8]" started-at="2024-10-17T16:59:29 IST" name="loginToAmazon" finished-at="1970-01-01T05:30:00 IST" duration-ms="-1729164569771" status="SKIP">
          <reporter-output>
          </reporter-output>
        </test-method> <!-- loginToAmazon -->
        <test-method signature="verifyYourAccount()[pri:0, instance:test.VerifySigninPage@6bbe85a8]" started-at="2024-10-17T16:59:29 IST" name="verifyYourAccount" finished-at="2024-10-17T16:59:29 IST" duration-ms="0" status="SKIP">
          <exception class="java.lang.NullPointerException">
            <message>
              <![CDATA[Cannot invoke "org.openqa.selenium.WebDriver.manage()" because "driver" is null]]>
            </message>
            <full-stacktrace>
              <![CDATA[java.lang.NullPointerException: Cannot invoke "org.openqa.selenium.WebDriver.manage()" because "driver" is null
at base.Browser.launchBrowser(Browser.java:47)
at test.TestClassUsingTestNG.openBrowser(TestClassUsingTestNG.java:55)
at java.base/jdk.internal.reflect.NativeMethodAccessorImpl.invoke0(Native Method)
at java.base/jdk.internal.reflect.NativeMethodAccessorImpl.invoke(NativeMethodAccessorImpl.java:77)
at java.base/jdk.internal.reflect.DelegatingMethodAccessorImpl.invoke(DelegatingMethodAccessorImpl.java:43)
at java.base/java.lang.reflect.Method.invoke(Method.java:568)
at org.testng.internal.MethodInvocationHelper.invokeMethod(MethodInvocationHelper.java:133)
at org.testng.internal.MethodInvocationHelper.invokeMethodConsideringTimeout(MethodInvocationHelper.java:62)
at org.testng.internal.ConfigInvoker.invokeConfigurationMethod(ConfigInvoker.java:385)
at org.testng.internal.ConfigInvoker.invokeConfigurations(ConfigInvoker.java:321)
at org.testng.TestRunner.invokeTestConfigurations(TestRunner.java:637)
at org.testng.TestRunner.beforeRun(TestRunner.java:627)
at org.testng.TestRunner.run(TestRunner.java:589)
at org.testng.SuiteRunner.runTest(SuiteRunner.java:377)
at org.testng.SuiteRunner.runSequentially(SuiteRunner.java:371)
at org.testng.SuiteRunner.privateRun(SuiteRunner.java:332)
at org.testng.SuiteRunner.run(SuiteRunner.java:276)
at org.testng.SuiteRunnerWorker.runSuite(SuiteRunnerWorker.java:53)
at org.testng.SuiteRunnerWorker.run(SuiteRunnerWorker.java:96)
at org.testng.TestNG.runSuitesSequentially(TestNG.java:1212)
at org.testng.TestNG.runSuitesLocally(TestNG.java:1134)
at org.testng.TestNG.runSuites(TestNG.java:1063)
at org.testng.TestNG.run(TestNG.java:1031)
at org.testng.remote.AbstractRemoteTestNG.run(AbstractRemoteTestNG.java:115)
at org.testng.remote.RemoteTestNG.initAndRun(RemoteTestNG.java:293)
at org.testng.remote.RemoteTestNG.main(RemoteTestNG.java:91)
]]>
            </full-stacktrace>
          </exception> <!-- java.lang.NullPointerException -->
          <reporter-output>
          </reporter-output>
        </test-method> <!-- verifyYourAccount -->
        <test-method is-config="true" signature="logoutFromAmazon()[pri:0, instance:test.VerifySigninPage@6bbe85a8]" started-at="2024-10-17T16:59:29 IST" name="logoutFromAmazon" finished-at="1970-01-01T05:30:00 IST" duration-ms="-1729164569776" status="SKIP">
          <reporter-output>
          </reporter-output>
        </test-method> <!-- logoutFromAmazon -->
        <test-method is-config="true" signature="removePom()[pri:0, instance:test.VerifySigninPage@6bbe85a8]" started-at="2024-10-17T16:59:29 IST" name="removePom" finished-at="1970-01-01T05:30:00 IST" duration-ms="-1729164569779" status="SKIP">
          <reporter-output>
          </reporter-output>
        </test-method> <!-- removePom -->
        <test-method is-config="true" signature="closeBrowser()[pri:0, instance:test.VerifySigninPage@6bbe85a8]" started-at="2024-10-17T16:59:29 IST" name="closeBrowser" finished-at="1970-01-01T05:30:00 IST" duration-ms="-1729164569834" status="SKIP">
          <reporter-output>
          </reporter-output>
        </test-method> <!-- closeBrowser -->
      </class> <!-- test.VerifySigninPage -->
      <class name="test.TestClassUsingTestNG">
        <test-method is-config="true" signature="openBrowser(java.lang.String)[pri:0, instance:test.TestClassUsingTestNG@3a7442c7]" started-at="2024-10-17T16:59:15 IST" name="openBrowser" finished-at="2024-10-17T16:59:29 IST" duration-ms="14709" status="FAIL">
          <params>
            <param index="0">
              <value>
                <![CDATA[Firefox]]>
              </value>
            </param>
          </params>
          <exception class="java.lang.NullPointerException">
            <message>
              <![CDATA[Cannot invoke "org.openqa.selenium.WebDriver.manage()" because "driver" is null]]>
            </message>
            <full-stacktrace>
              <![CDATA[java.lang.NullPointerException: Cannot invoke "org.openqa.selenium.WebDriver.manage()" because "driver" is null
at base.Browser.launchBrowser(Browser.java:47)
at test.TestClassUsingTestNG.openBrowser(TestClassUsingTestNG.java:55)
at java.base/jdk.internal.reflect.NativeMethodAccessorImpl.invoke0(Native Method)
at java.base/jdk.internal.reflect.NativeMethodAccessorImpl.invoke(NativeMethodAccessorImpl.java:77)
at java.base/jdk.internal.reflect.DelegatingMethodAccessorImpl.invoke(DelegatingMethodAccessorImpl.java:43)
at java.base/java.lang.reflect.Method.invoke(Method.java:568)
at org.testng.internal.MethodInvocationHelper.invokeMethod(MethodInvocationHelper.java:133)
at org.testng.internal.MethodInvocationHelper.invokeMethodConsideringTimeout(MethodInvocationHelper.java:62)
at org.testng.internal.ConfigInvoker.invokeConfigurationMethod(ConfigInvoker.java:385)
at org.testng.internal.ConfigInvoker.invokeConfigurations(ConfigInvoker.java:321)
at org.testng.TestRunner.invokeTestConfigurations(TestRunner.java:637)
at org.testng.TestRunner.beforeRun(TestRunner.java:627)
at org.testng.TestRunner.run(TestRunner.java:589)
at org.testng.SuiteRunner.runTest(SuiteRunner.java:377)
at org.testng.SuiteRunner.runSequentially(SuiteRunner.java:371)
at org.testng.SuiteRunner.privateRun(SuiteRunner.java:332)
at org.testng.SuiteRunner.run(SuiteRunner.java:276)
at org.testng.SuiteRunnerWorker.runSuite(SuiteRunnerWorker.java:53)
at org.testng.SuiteRunnerWorker.run(SuiteRunnerWorker.java:96)
at org.testng.TestNG.runSuitesSequentially(TestNG.java:1212)
at org.testng.TestNG.runSuitesLocally(TestNG.java:1134)
at org.testng.TestNG.runSuites(TestNG.java:1063)
at org.testng.TestNG.run(TestNG.java:1031)
at org.testng.remote.AbstractRemoteTestNG.run(AbstractRemoteTestNG.java:115)
at org.testng.remote.RemoteTestNG.initAndRun(RemoteTestNG.java:293)
at org.testng.remote.RemoteTestNG.main(RemoteTestNG.java:91)
]]>
            </full-stacktrace>
          </exception> <!-- java.lang.NullPointerException -->
          <reporter-output>
          </reporter-output>
        </test-method> <!-- openBrowser -->
        <test-method is-config="true" signature="pomClasses()[pri:0, instance:test.TestClassUsingTestNG@3a7442c7]" started-at="2024-10-17T16:59:29 IST" name="pomClasses" finished-at="1970-01-01T05:30:00 IST" duration-ms="-1729164569781" status="SKIP">
          <reporter-output>
          </reporter-output>
        </test-method> <!-- pomClasses -->
        <test-method is-config="true" signature="loginToAmazon()[pri:0, instance:test.TestClassUsingTestNG@3a7442c7]" started-at="2024-10-17T16:59:29 IST" name="loginToAmazon" finished-at="1970-01-01T05:30:00 IST" duration-ms="-1729164569814" status="SKIP">
          <reporter-output>
          </reporter-output>
        </test-method> <!-- loginToAmazon -->
        <test-method signature="verifyAddToCart()[pri:0, instance:test.TestClassUsingTestNG@3a7442c7]" started-at="2024-10-17T16:59:29 IST" name="verifyAddToCart" finished-at="2024-10-17T16:59:29 IST" duration-ms="0" status="SKIP">
          <exception class="java.lang.NullPointerException">
            <message>
              <![CDATA[Cannot invoke "org.openqa.selenium.WebDriver.manage()" because "driver" is null]]>
            </message>
            <full-stacktrace>
              <![CDATA[java.lang.NullPointerException: Cannot invoke "org.openqa.selenium.WebDriver.manage()" because "driver" is null
at base.Browser.launchBrowser(Browser.java:47)
at test.TestClassUsingTestNG.openBrowser(TestClassUsingTestNG.java:55)
at java.base/jdk.internal.reflect.NativeMethodAccessorImpl.invoke0(Native Method)
at java.base/jdk.internal.reflect.NativeMethodAccessorImpl.invoke(NativeMethodAccessorImpl.java:77)
at java.base/jdk.internal.reflect.DelegatingMethodAccessorImpl.invoke(DelegatingMethodAccessorImpl.java:43)
at java.base/java.lang.reflect.Method.invoke(Method.java:568)
at org.testng.internal.MethodInvocationHelper.invokeMethod(MethodInvocationHelper.java:133)
at org.testng.internal.MethodInvocationHelper.invokeMethodConsideringTimeout(MethodInvocationHelper.java:62)
at org.testng.internal.ConfigInvoker.invokeConfigurationMethod(ConfigInvoker.java:385)
at org.testng.internal.ConfigInvoker.invokeConfigurations(ConfigInvoker.java:321)
at org.testng.TestRunner.invokeTestConfigurations(TestRunner.java:637)
at org.testng.TestRunner.beforeRun(TestRunner.java:627)
at org.testng.TestRunner.run(TestRunner.java:589)
at org.testng.SuiteRunner.runTest(SuiteRunner.java:377)
at org.testng.SuiteRunner.runSequentially(SuiteRunner.java:371)
at org.testng.SuiteRunner.privateRun(SuiteRunner.java:332)
at org.testng.SuiteRunner.run(SuiteRunner.java:276)
at org.testng.SuiteRunnerWorker.runSuite(SuiteRunnerWorker.java:53)
at org.testng.SuiteRunnerWorker.run(SuiteRunnerWorker.java:96)
at org.testng.TestNG.runSuitesSequentially(TestNG.java:1212)
at org.testng.TestNG.runSuitesLocally(TestNG.java:1134)
at org.testng.TestNG.runSuites(TestNG.java:1063)
at org.testng.TestNG.run(TestNG.java:1031)
at org.testng.remote.AbstractRemoteTestNG.run(AbstractRemoteTestNG.java:115)
at org.testng.remote.RemoteTestNG.initAndRun(RemoteTestNG.java:293)
at org.testng.remote.RemoteTestNG.main(RemoteTestNG.java:91)
]]>
            </full-stacktrace>
          </exception> <!-- java.lang.NullPointerException -->
          <reporter-output>
          </reporter-output>
        </test-method> <!-- verifyAddToCart -->
        <test-method is-config="true" signature="logoutFromAmazon()[pri:0, instance:test.TestClassUsingTestNG@3a7442c7]" started-at="2024-10-17T16:59:29 IST" name="logoutFromAmazon" finished-at="1970-01-01T05:30:00 IST" duration-ms="-1729164569822" status="SKIP">
          <reporter-output>
          </reporter-output>
        </test-method> <!-- logoutFromAmazon -->
        <test-method is-config="true" signature="removePom()[pri:0, instance:test.TestClassUsingTestNG@3a7442c7]" started-at="2024-10-17T16:59:29 IST" name="removePom" finished-at="1970-01-01T05:30:00 IST" duration-ms="-1729164569826" status="SKIP">
          <reporter-output>
          </reporter-output>
        </test-method> <!-- removePom -->
        <test-method is-config="true" signature="closeBrowser()[pri:0, instance:test.TestClassUsingTestNG@3a7442c7]" started-at="2024-10-17T16:59:29 IST" name="closeBrowser" finished-at="1970-01-01T05:30:00 IST" duration-ms="-1729164569831" status="SKIP">
          <reporter-output>
          </reporter-output>
        </test-method> <!-- closeBrowser -->
      </class> <!-- test.TestClassUsingTestNG -->
    </test> <!-- FirefoxTest -->
    <test started-at="2024-10-17T16:59:29 IST" name="EdgeTest" finished-at="2024-10-17T16:59:41 IST" duration-ms="11503">
      <class name="test.ValidateCartAndBuy">
        <test-method is-config="true" signature="openBrowser(java.lang.String)[pri:0, instance:test.ValidateCartAndBuy@742ff096]" started-at="2024-10-17T16:59:29 IST" name="openBrowser" finished-at="2024-10-17T16:59:41 IST" duration-ms="11451" status="FAIL">
          <params>
            <param index="0">
              <value>
                <![CDATA[Edge]]>
              </value>
            </param>
          </params>
          <exception class="java.lang.NullPointerException">
            <message>
              <![CDATA[Cannot invoke "org.openqa.selenium.WebDriver.manage()" because "driver" is null]]>
            </message>
            <full-stacktrace>
              <![CDATA[java.lang.NullPointerException: Cannot invoke "org.openqa.selenium.WebDriver.manage()" because "driver" is null
at base.Browser.launchBrowser(Browser.java:47)
at test.ValidateCartAndBuy.openBrowser(ValidateCartAndBuy.java:47)
at java.base/jdk.internal.reflect.NativeMethodAccessorImpl.invoke0(Native Method)
at java.base/jdk.internal.reflect.NativeMethodAccessorImpl.invoke(NativeMethodAccessorImpl.java:77)
at java.base/jdk.internal.reflect.DelegatingMethodAccessorImpl.invoke(DelegatingMethodAccessorImpl.java:43)
at java.base/java.lang.reflect.Method.invoke(Method.java:568)
at org.testng.internal.MethodInvocationHelper.invokeMethod(MethodInvocationHelper.java:133)
at org.testng.internal.MethodInvocationHelper.invokeMethodConsideringTimeout(MethodInvocationHelper.java:62)
at org.testng.internal.ConfigInvoker.invokeConfigurationMethod(ConfigInvoker.java:385)
at org.testng.internal.ConfigInvoker.invokeConfigurations(ConfigInvoker.java:321)
at org.testng.TestRunner.invokeTestConfigurations(TestRunner.java:637)
at org.testng.TestRunner.beforeRun(TestRunner.java:627)
at org.testng.TestRunner.run(TestRunner.java:589)
at org.testng.SuiteRunner.runTest(SuiteRunner.java:377)
at org.testng.SuiteRunner.runSequentially(SuiteRunner.java:371)
at org.testng.SuiteRunner.privateRun(SuiteRunner.java:332)
at org.testng.SuiteRunner.run(SuiteRunner.java:276)
at org.testng.SuiteRunnerWorker.runSuite(SuiteRunnerWorker.java:53)
at org.testng.SuiteRunnerWorker.run(SuiteRunnerWorker.java:96)
at org.testng.TestNG.runSuitesSequentially(TestNG.java:1212)
at org.testng.TestNG.runSuitesLocally(TestNG.java:1134)
at org.testng.TestNG.runSuites(TestNG.java:1063)
at org.testng.TestNG.run(TestNG.java:1031)
at org.testng.remote.AbstractRemoteTestNG.run(AbstractRemoteTestNG.java:115)
at org.testng.remote.RemoteTestNG.initAndRun(RemoteTestNG.java:293)
at org.testng.remote.RemoteTestNG.main(RemoteTestNG.java:91)
]]>
            </full-stacktrace>
          </exception> <!-- java.lang.NullPointerException -->
          <reporter-output>
          </reporter-output>
        </test-method> <!-- openBrowser -->
        <test-method is-config="true" signature="pomClasses()[pri:0, instance:test.ValidateCartAndBuy@742ff096]" started-at="2024-10-17T16:59:41 IST" name="pomClasses" finished-at="1970-01-01T05:30:00 IST" duration-ms="-1729164581357" status="SKIP">
          <reporter-output>
          </reporter-output>
        </test-method> <!-- pomClasses -->
        <test-method is-config="true" signature="loginToAmazon()[pri:0, instance:test.ValidateCartAndBuy@742ff096]" started-at="2024-10-17T16:59:41 IST" name="loginToAmazon" finished-at="1970-01-01T05:30:00 IST" duration-ms="-1729164581359" status="SKIP">
          <reporter-output>
          </reporter-output>
        </test-method> <!-- loginToAmazon -->
        <test-method signature="verifyAddToCart()[pri:0, instance:test.ValidateCartAndBuy@742ff096]" started-at="2024-10-17T16:59:41 IST" name="verifyAddToCart" finished-at="2024-10-17T16:59:41 IST" duration-ms="0" status="SKIP">
          <exception class="java.lang.NullPointerException">
            <message>
              <![CDATA[Cannot invoke "org.openqa.selenium.WebDriver.manage()" because "driver" is null]]>
            </message>
            <full-stacktrace>
              <![CDATA[java.lang.NullPointerException: Cannot invoke "org.openqa.selenium.WebDriver.manage()" because "driver" is null
at base.Browser.launchBrowser(Browser.java:47)
at test.ValidateCartAndBuy.openBrowser(ValidateCartAndBuy.java:47)
at java.base/jdk.internal.reflect.NativeMethodAccessorImpl.invoke0(Native Method)
at java.base/jdk.internal.reflect.NativeMethodAccessorImpl.invoke(NativeMethodAccessorImpl.java:77)
at java.base/jdk.internal.reflect.DelegatingMethodAccessorImpl.invoke(DelegatingMethodAccessorImpl.java:43)
at java.base/java.lang.reflect.Method.invoke(Method.java:568)
at org.testng.internal.MethodInvocationHelper.invokeMethod(MethodInvocationHelper.java:133)
at org.testng.internal.MethodInvocationHelper.invokeMethodConsideringTimeout(MethodInvocationHelper.java:62)
at org.testng.internal.ConfigInvoker.invokeConfigurationMethod(ConfigInvoker.java:385)
at org.testng.internal.ConfigInvoker.invokeConfigurations(ConfigInvoker.java:321)
at org.testng.TestRunner.invokeTestConfigurations(TestRunner.java:637)
at org.testng.TestRunner.beforeRun(TestRunner.java:627)
at org.testng.TestRunner.run(TestRunner.java:589)
at org.testng.SuiteRunner.runTest(SuiteRunner.java:377)
at org.testng.SuiteRunner.runSequentially(SuiteRunner.java:371)
at org.testng.SuiteRunner.privateRun(SuiteRunner.java:332)
at org.testng.SuiteRunner.run(SuiteRunner.java:276)
at org.testng.SuiteRunnerWorker.runSuite(SuiteRunnerWorker.java:53)
at org.testng.SuiteRunnerWorker.run(SuiteRunnerWorker.java:96)
at org.testng.TestNG.runSuitesSequentially(TestNG.java:1212)
at org.testng.TestNG.runSuitesLocally(TestNG.java:1134)
at org.testng.TestNG.runSuites(TestNG.java:1063)
at org.testng.TestNG.run(TestNG.java:1031)
at org.testng.remote.AbstractRemoteTestNG.run(AbstractRemoteTestNG.java:115)
at org.testng.remote.RemoteTestNG.initAndRun(RemoteTestNG.java:293)
at org.testng.remote.RemoteTestNG.main(RemoteTestNG.java:91)
]]>
            </full-stacktrace>
          </exception> <!-- java.lang.NullPointerException -->
          <reporter-output>
          </reporter-output>
        </test-method> <!-- verifyAddToCart -->
        <test-method is-config="true" signature="logoutFromAmazon()[pri:0, instance:test.ValidateCartAndBuy@742ff096]" started-at="2024-10-17T16:59:41 IST" name="logoutFromAmazon" finished-at="1970-01-01T05:30:00 IST" duration-ms="-1729164581365" status="SKIP">
          <reporter-output>
          </reporter-output>
        </test-method> <!-- logoutFromAmazon -->
        <test-method is-config="true" signature="loginToAmazon()[pri:0, instance:test.ValidateCartAndBuy@742ff096]" started-at="2024-10-17T16:59:41 IST" name="loginToAmazon" finished-at="1970-01-01T05:30:00 IST" duration-ms="-1729164581367" status="SKIP">
          <reporter-output>
          </reporter-output>
        </test-method> <!-- loginToAmazon -->
        <test-method signature="verifyBuyProduct()[pri:0, instance:test.ValidateCartAndBuy@742ff096]" started-at="2024-10-17T16:59:41 IST" name="verifyBuyProduct" finished-at="2024-10-17T16:59:41 IST" duration-ms="0" status="SKIP">
          <exception class="java.lang.NullPointerException">
            <message>
              <![CDATA[Cannot invoke "org.openqa.selenium.WebDriver.manage()" because "driver" is null]]>
            </message>
            <full-stacktrace>
              <![CDATA[java.lang.NullPointerException: Cannot invoke "org.openqa.selenium.WebDriver.manage()" because "driver" is null
at base.Browser.launchBrowser(Browser.java:47)
at test.ValidateCartAndBuy.openBrowser(ValidateCartAndBuy.java:47)
at java.base/jdk.internal.reflect.NativeMethodAccessorImpl.invoke0(Native Method)
at java.base/jdk.internal.reflect.NativeMethodAccessorImpl.invoke(NativeMethodAccessorImpl.java:77)
at java.base/jdk.internal.reflect.DelegatingMethodAccessorImpl.invoke(DelegatingMethodAccessorImpl.java:43)
at java.base/java.lang.reflect.Method.invoke(Method.java:568)
at org.testng.internal.MethodInvocationHelper.invokeMethod(MethodInvocationHelper.java:133)
at org.testng.internal.MethodInvocationHelper.invokeMethodConsideringTimeout(MethodInvocationHelper.java:62)
at org.testng.internal.ConfigInvoker.invokeConfigurationMethod(ConfigInvoker.java:385)
at org.testng.internal.ConfigInvoker.invokeConfigurations(ConfigInvoker.java:321)
at org.testng.TestRunner.invokeTestConfigurations(TestRunner.java:637)
at org.testng.TestRunner.beforeRun(TestRunner.java:627)
at org.testng.TestRunner.run(TestRunner.java:589)
at org.testng.SuiteRunner.runTest(SuiteRunner.java:377)
at org.testng.SuiteRunner.runSequentially(SuiteRunner.java:371)
at org.testng.SuiteRunner.privateRun(SuiteRunner.java:332)
at org.testng.SuiteRunner.run(SuiteRunner.java:276)
at org.testng.SuiteRunnerWorker.runSuite(SuiteRunnerWorker.java:53)
at org.testng.SuiteRunnerWorker.run(SuiteRunnerWorker.java:96)
at org.testng.TestNG.runSuitesSequentially(TestNG.java:1212)
at org.testng.TestNG.runSuitesLocally(TestNG.java:1134)
at org.testng.TestNG.runSuites(TestNG.java:1063)
at org.testng.TestNG.run(TestNG.java:1031)
at org.testng.remote.AbstractRemoteTestNG.run(AbstractRemoteTestNG.java:115)
at org.testng.remote.RemoteTestNG.initAndRun(RemoteTestNG.java:293)
at org.testng.remote.RemoteTestNG.main(RemoteTestNG.java:91)
]]>
            </full-stacktrace>
          </exception> <!-- java.lang.NullPointerException -->
          <reporter-output>
          </reporter-output>
        </test-method> <!-- verifyBuyProduct -->
        <test-method is-config="true" signature="logoutFromAmazon()[pri:0, instance:test.ValidateCartAndBuy@742ff096]" started-at="2024-10-17T16:59:41 IST" name="logoutFromAmazon" finished-at="1970-01-01T05:30:00 IST" duration-ms="-1729164581370" status="SKIP">
          <reporter-output>
          </reporter-output>
        </test-method> <!-- logoutFromAmazon -->
        <test-method is-config="true" signature="removePom()[pri:0, instance:test.ValidateCartAndBuy@742ff096]" started-at="2024-10-17T16:59:41 IST" name="removePom" finished-at="1970-01-01T05:30:00 IST" duration-ms="-1729164581372" status="SKIP">
          <reporter-output>
          </reporter-output>
        </test-method> <!-- removePom -->
        <test-method is-config="true" signature="closeBrowser()[pri:0, instance:test.ValidateCartAndBuy@742ff096]" started-at="2024-10-17T16:59:41 IST" name="closeBrowser" finished-at="1970-01-01T05:30:00 IST" duration-ms="-1729164581374" status="SKIP">
          <reporter-output>
          </reporter-output>
        </test-method> <!-- closeBrowser -->
      </class> <!-- test.ValidateCartAndBuy -->
      <class name="test.VerifySigninPage">
        <test-method is-config="true" signature="openBrowser(java.lang.String)[pri:0, instance:test.VerifySigninPage@7bba5817]" started-at="2024-10-17T16:59:41 IST" name="openBrowser" finished-at="1970-01-01T05:30:00 IST" duration-ms="-1729164581331" status="SKIP">
          <reporter-output>
          </reporter-output>
        </test-method> <!-- openBrowser -->
        <test-method is-config="true" signature="pomClasses()[pri:0, instance:test.VerifySigninPage@7bba5817]" started-at="2024-10-17T16:59:41 IST" name="pomClasses" finished-at="1970-01-01T05:30:00 IST" duration-ms="-1729164581334" status="SKIP">
          <reporter-output>
          </reporter-output>
        </test-method> <!-- pomClasses -->
        <test-method is-config="true" signature="loginToAmazon()[pri:0, instance:test.VerifySigninPage@7bba5817]" started-at="2024-10-17T16:59:41 IST" name="loginToAmazon" finished-at="1970-01-01T05:30:00 IST" duration-ms="-1729164581337" status="SKIP">
          <reporter-output>
          </reporter-output>
        </test-method> <!-- loginToAmazon -->
        <test-method signature="verifyLogin()[pri:0, instance:test.VerifySigninPage@7bba5817]" started-at="2024-10-17T16:59:41 IST" name="verifyLogin" finished-at="2024-10-17T16:59:41 IST" duration-ms="0" status="SKIP">
          <exception class="java.lang.NullPointerException">
            <message>
              <![CDATA[Cannot invoke "org.openqa.selenium.WebDriver.manage()" because "driver" is null]]>
            </message>
            <full-stacktrace>
              <![CDATA[java.lang.NullPointerException: Cannot invoke "org.openqa.selenium.WebDriver.manage()" because "driver" is null
at base.Browser.launchBrowser(Browser.java:47)
at test.ValidateCartAndBuy.openBrowser(ValidateCartAndBuy.java:47)
at java.base/jdk.internal.reflect.NativeMethodAccessorImpl.invoke0(Native Method)
at java.base/jdk.internal.reflect.NativeMethodAccessorImpl.invoke(NativeMethodAccessorImpl.java:77)
at java.base/jdk.internal.reflect.DelegatingMethodAccessorImpl.invoke(DelegatingMethodAccessorImpl.java:43)
at java.base/java.lang.reflect.Method.invoke(Method.java:568)
at org.testng.internal.MethodInvocationHelper.invokeMethod(MethodInvocationHelper.java:133)
at org.testng.internal.MethodInvocationHelper.invokeMethodConsideringTimeout(MethodInvocationHelper.java:62)
at org.testng.internal.ConfigInvoker.invokeConfigurationMethod(ConfigInvoker.java:385)
at org.testng.internal.ConfigInvoker.invokeConfigurations(ConfigInvoker.java:321)
at org.testng.TestRunner.invokeTestConfigurations(TestRunner.java:637)
at org.testng.TestRunner.beforeRun(TestRunner.java:627)
at org.testng.TestRunner.run(TestRunner.java:589)
at org.testng.SuiteRunner.runTest(SuiteRunner.java:377)
at org.testng.SuiteRunner.runSequentially(SuiteRunner.java:371)
at org.testng.SuiteRunner.privateRun(SuiteRunner.java:332)
at org.testng.SuiteRunner.run(SuiteRunner.java:276)
at org.testng.SuiteRunnerWorker.runSuite(SuiteRunnerWorker.java:53)
at org.testng.SuiteRunnerWorker.run(SuiteRunnerWorker.java:96)
at org.testng.TestNG.runSuitesSequentially(TestNG.java:1212)
at org.testng.TestNG.runSuitesLocally(TestNG.java:1134)
at org.testng.TestNG.runSuites(TestNG.java:1063)
at org.testng.TestNG.run(TestNG.java:1031)
at org.testng.remote.AbstractRemoteTestNG.run(AbstractRemoteTestNG.java:115)
at org.testng.remote.RemoteTestNG.initAndRun(RemoteTestNG.java:293)
at org.testng.remote.RemoteTestNG.main(RemoteTestNG.java:91)
]]>
            </full-stacktrace>
          </exception> <!-- java.lang.NullPointerException -->
          <reporter-output>
          </reporter-output>
        </test-method> <!-- verifyLogin -->
        <test-method is-config="true" signature="logoutFromAmazon()[pri:0, instance:test.VerifySigninPage@7bba5817]" started-at="2024-10-17T16:59:41 IST" name="logoutFromAmazon" finished-at="1970-01-01T05:30:00 IST" duration-ms="-1729164581346" status="SKIP">
          <reporter-output>
          </reporter-output>
        </test-method> <!-- logoutFromAmazon -->
        <test-method is-config="true" signature="loginToAmazon()[pri:0, instance:test.VerifySigninPage@7bba5817]" started-at="2024-10-17T16:59:41 IST" name="loginToAmazon" finished-at="1970-01-01T05:30:00 IST" duration-ms="-1729164581348" status="SKIP">
          <reporter-output>
          </reporter-output>
        </test-method> <!-- loginToAmazon -->
        <test-method signature="verifyYourAccount()[pri:0, instance:test.VerifySigninPage@7bba5817]" started-at="2024-10-17T16:59:41 IST" name="verifyYourAccount" finished-at="2024-10-17T16:59:41 IST" duration-ms="0" status="SKIP">
          <exception class="java.lang.NullPointerException">
            <message>
              <![CDATA[Cannot invoke "org.openqa.selenium.WebDriver.manage()" because "driver" is null]]>
            </message>
            <full-stacktrace>
              <![CDATA[java.lang.NullPointerException: Cannot invoke "org.openqa.selenium.WebDriver.manage()" because "driver" is null
at base.Browser.launchBrowser(Browser.java:47)
at test.ValidateCartAndBuy.openBrowser(ValidateCartAndBuy.java:47)
at java.base/jdk.internal.reflect.NativeMethodAccessorImpl.invoke0(Native Method)
at java.base/jdk.internal.reflect.NativeMethodAccessorImpl.invoke(NativeMethodAccessorImpl.java:77)
at java.base/jdk.internal.reflect.DelegatingMethodAccessorImpl.invoke(DelegatingMethodAccessorImpl.java:43)
at java.base/java.lang.reflect.Method.invoke(Method.java:568)
at org.testng.internal.MethodInvocationHelper.invokeMethod(MethodInvocationHelper.java:133)
at org.testng.internal.MethodInvocationHelper.invokeMethodConsideringTimeout(MethodInvocationHelper.java:62)
at org.testng.internal.ConfigInvoker.invokeConfigurationMethod(ConfigInvoker.java:385)
at org.testng.internal.ConfigInvoker.invokeConfigurations(ConfigInvoker.java:321)
at org.testng.TestRunner.invokeTestConfigurations(TestRunner.java:637)
at org.testng.TestRunner.beforeRun(TestRunner.java:627)
at org.testng.TestRunner.run(TestRunner.java:589)
at org.testng.SuiteRunner.runTest(SuiteRunner.java:377)
at org.testng.SuiteRunner.runSequentially(SuiteRunner.java:371)
at org.testng.SuiteRunner.privateRun(SuiteRunner.java:332)
at org.testng.SuiteRunner.run(SuiteRunner.java:276)
at org.testng.SuiteRunnerWorker.runSuite(SuiteRunnerWorker.java:53)
at org.testng.SuiteRunnerWorker.run(SuiteRunnerWorker.java:96)
at org.testng.TestNG.runSuitesSequentially(TestNG.java:1212)
at org.testng.TestNG.runSuitesLocally(TestNG.java:1134)
at org.testng.TestNG.runSuites(TestNG.java:1063)
at org.testng.TestNG.run(TestNG.java:1031)
at org.testng.remote.AbstractRemoteTestNG.run(AbstractRemoteTestNG.java:115)
at org.testng.remote.RemoteTestNG.initAndRun(RemoteTestNG.java:293)
at org.testng.remote.RemoteTestNG.main(RemoteTestNG.java:91)
]]>
            </full-stacktrace>
          </exception> <!-- java.lang.NullPointerException -->
          <reporter-output>
          </reporter-output>
        </test-method> <!-- verifyYourAccount -->
        <test-method is-config="true" signature="logoutFromAmazon()[pri:0, instance:test.VerifySigninPage@7bba5817]" started-at="2024-10-17T16:59:41 IST" name="logoutFromAmazon" finished-at="1970-01-01T05:30:00 IST" duration-ms="-1729164581353" status="SKIP">
          <reporter-output>
          </reporter-output>
        </test-method> <!-- logoutFromAmazon -->
        <test-method is-config="true" signature="removePom()[pri:0, instance:test.VerifySigninPage@7bba5817]" started-at="2024-10-17T16:59:41 IST" name="removePom" finished-at="1970-01-01T05:30:00 IST" duration-ms="-1729164581354" status="SKIP">
          <reporter-output>
          </reporter-output>
        </test-method> <!-- removePom -->
        <test-method is-config="true" signature="closeBrowser()[pri:0, instance:test.VerifySigninPage@7bba5817]" started-at="2024-10-17T16:59:41 IST" name="closeBrowser" finished-at="1970-01-01T05:30:00 IST" duration-ms="-1729164581377" status="SKIP">
          <reporter-output>
          </reporter-output>
        </test-method> <!-- closeBrowser -->
      </class> <!-- test.VerifySigninPage -->
    </test> <!-- EdgeTest -->
  </suite> <!-- RegressionSuite -->
</testng-results>
